<?xml version="1.0" encoding="UTF-8"?>
<testng-results skipped="0" failed="1" total="2" passed="1">
  <reporter-output>
  </reporter-output>
  <suite name="Default suite" duration-ms="29044" started-at="2018-12-19T17:46:54Z" finished-at="2018-12-19T17:47:23Z">
    <groups>
    </groups>
    <test name="Default test" duration-ms="29044" started-at="2018-12-19T17:46:54Z" finished-at="2018-12-19T17:47:23Z">
      <class name="com.qa.test.TC01_loginApp">
        <test-method status="PASS" signature="BeforeSuite()[pri:0, instance:com.qa.test.TC01_loginApp@520a3426]" name="BeforeSuite" is-config="true" duration-ms="339" started-at="2018-12-19T23:16:54Z" finished-at="2018-12-19T23:16:54Z">
          <reporter-output>
          </reporter-output>
        </test-method> <!-- BeforeSuite -->
        <test-method status="PASS" signature="BeforeTest()[pri:0, instance:com.qa.test.TC01_loginApp@520a3426]" name="BeforeTest" is-config="true" duration-ms="0" started-at="2018-12-19T23:16:54Z" finished-at="2018-12-19T23:16:54Z">
          <reporter-output>
          </reporter-output>
        </test-method> <!-- BeforeTest -->
        <test-method status="PASS" signature="BeforeClass()[pri:0, instance:com.qa.test.TC01_loginApp@520a3426]" name="BeforeClass" is-config="true" duration-ms="13" started-at="2018-12-19T23:16:54Z" finished-at="2018-12-19T23:16:54Z">
          <reporter-output>
          </reporter-output>
        </test-method> <!-- BeforeClass -->
        <test-method status="PASS" signature="BeforeMethod(java.lang.reflect.Method)[pri:0, instance:com.qa.test.TC01_loginApp@520a3426]" name="BeforeMethod" is-config="true" duration-ms="9435" started-at="2018-12-19T23:16:54Z" finished-at="2018-12-19T23:17:03Z">
          <params>
            <param index="0">
              <value>
                <![CDATA[public void com.qa.test.TC01_loginApp.LoginApp1(java.lang.String,java.lang.String)]]>
              </value>
            </param>
          </params>
          <reporter-output>
          </reporter-output>
        </test-method> <!-- BeforeMethod -->
        <test-method status="PASS" signature="LoginApp1(java.lang.String, java.lang.String)[pri:0, instance:com.qa.test.TC01_loginApp@520a3426]" name="LoginApp1" duration-ms="5968" started-at="2018-12-19T23:17:03Z" data-provider="Login" finished-at="2018-12-19T23:17:09Z">
          <params>
            <param index="0">
              <value>
                <![CDATA[mohit]]>
              </value>
            </param>
            <param index="1">
              <value>
                <![CDATA[mohit]]>
              </value>
            </param>
          </params>
          <reporter-output>
          </reporter-output>
        </test-method> <!-- LoginApp1 -->
        <test-method status="PASS" signature="AfterMethod(org.testng.ITestResult)[pri:0, instance:com.qa.test.TC01_loginApp@520a3426]" name="AfterMethod" is-config="true" duration-ms="876" started-at="2018-12-19T23:17:09Z" finished-at="2018-12-19T23:17:10Z">
          <params>
            <param index="0">
              <value>
                <![CDATA[[TestResult name=LoginApp1 status=SUCCESS method=TC01_loginApp.LoginApp1(java.lang.String, java.lang.String)[pri:0, instance:com.qa.test.TC01_loginApp@520a3426] output={null}]]]>
              </value>
            </param>
          </params>
          <reporter-output>
          </reporter-output>
        </test-method> <!-- AfterMethod -->
        <test-method status="PASS" signature="BeforeMethod(java.lang.reflect.Method)[pri:0, instance:com.qa.test.TC01_loginApp@520a3426]" name="BeforeMethod" is-config="true" duration-ms="7378" started-at="2018-12-19T23:17:10Z" finished-at="2018-12-19T23:17:18Z">
          <params>
            <param index="0">
              <value>
                <![CDATA[public void com.qa.test.TC01_loginApp.LoginApp1(java.lang.String,java.lang.String)]]>
              </value>
            </param>
          </params>
          <reporter-output>
          </reporter-output>
        </test-method> <!-- BeforeMethod -->
        <test-method status="FAIL" signature="LoginApp1(java.lang.String, java.lang.String)[pri:0, instance:com.qa.test.TC01_loginApp@520a3426]" name="LoginApp1" duration-ms="3774" started-at="2018-12-19T23:17:18Z" data-provider="Login" finished-at="2018-12-19T23:17:21Z">
          <params>
            <param index="0">
              <value>
                <![CDATA[test]]>
              </value>
            </param>
            <param index="1">
              <value>
                <![CDATA[test]]>
              </value>
            </param>
          </params>
          <exception class="java.lang.AssertionError">
            <message>
              <![CDATA[expected [Sign-on: Mercury Tours] but found [Find a Flight: Mercury Tours:]]]>
            </message>
            <full-stacktrace>
              <![CDATA[java.lang.AssertionError: expected [Sign-on: Mercury Tours] but found [Find a Flight: Mercury Tours:]
	at org.testng.Assert.fail(Assert.java:94)
	at org.testng.Assert.failNotEquals(Assert.java:494)
	at org.testng.Assert.assertEquals(Assert.java:123)
	at org.testng.Assert.assertEquals(Assert.java:176)
	at org.testng.Assert.assertEquals(Assert.java:186)
	at com.qa.test.TC01_loginApp.LoginApp1(TC01_loginApp.java:21)
	at sun.reflect.NativeMethodAccessorImpl.invoke0(Native Method)
	at sun.reflect.NativeMethodAccessorImpl.invoke(Unknown Source)
	at sun.reflect.DelegatingMethodAccessorImpl.invoke(Unknown Source)
	at java.lang.reflect.Method.invoke(Unknown Source)
	at org.testng.internal.MethodInvocationHelper.invokeMethod(MethodInvocationHelper.java:80)
	at org.testng.internal.Invoker.invokeMethod(Invoker.java:714)
	at org.testng.internal.Invoker.invokeTestMethod(Invoker.java:901)
	at org.testng.internal.Invoker.invokeTestMethods(Invoker.java:1231)
	at org.testng.internal.TestMethodWorker.invokeTestMethods(TestMethodWorker.java:127)
	at org.testng.internal.TestMethodWorker.run(TestMethodWorker.java:111)
	at org.testng.TestRunner.privateRun(TestRunner.java:767)
	at org.testng.TestRunner.run(TestRunner.java:617)
	at org.testng.SuiteRunner.runTest(SuiteRunner.java:334)
	at org.testng.SuiteRunner.runSequentially(SuiteRunner.java:329)
	at org.testng.SuiteRunner.privateRun(SuiteRunner.java:291)
	at org.testng.SuiteRunner.run(SuiteRunner.java:240)
	at org.testng.SuiteRunnerWorker.runSuite(SuiteRunnerWorker.java:52)
	at org.testng.SuiteRunnerWorker.run(SuiteRunnerWorker.java:86)
	at org.testng.TestNG.runSuitesSequentially(TestNG.java:1198)
	at org.testng.TestNG.runSuitesLocally(TestNG.java:1123)
	at org.testng.TestNG.run(TestNG.java:1031)
	at org.testng.remote.AbstractRemoteTestNG.run(AbstractRemoteTestNG.java:114)
	at org.testng.remote.RemoteTestNG.initAndRun(RemoteTestNG.java:251)
	at org.testng.remote.RemoteTestNG.main(RemoteTestNG.java:77)
]]>
            </full-stacktrace>
          </exception> <!-- java.lang.AssertionError -->
          <reporter-output>
          </reporter-output>
        </test-method> <!-- LoginApp1 -->
        <test-method status="PASS" signature="AfterMethod(org.testng.ITestResult)[pri:0, instance:com.qa.test.TC01_loginApp@520a3426]" name="AfterMethod" is-config="true" duration-ms="1558" started-at="2018-12-19T23:17:21Z" finished-at="2018-12-19T23:17:23Z">
          <params>
            <param index="0">
              <value>
                <![CDATA[[TestResult name=LoginApp1 status=FAILURE method=TC01_loginApp.LoginApp1(java.lang.String, java.lang.String)[pri:0, instance:com.qa.test.TC01_loginApp@520a3426] output={null}]]]>
              </value>
            </param>
          </params>
          <reporter-output>
          </reporter-output>
        </test-method> <!-- AfterMethod -->
        <test-method status="PASS" signature="AfterTest()[pri:0, instance:com.qa.test.TC01_loginApp@520a3426]" name="AfterTest" is-config="true" duration-ms="1" started-at="2018-12-19T23:17:23Z" finished-at="2018-12-19T23:17:23Z">
          <reporter-output>
          </reporter-output>
        </test-method> <!-- AfterTest -->
        <test-method status="PASS" signature="afterSuite()[pri:0, instance:com.qa.test.TC01_loginApp@520a3426]" name="afterSuite" is-config="true" duration-ms="10482" started-at="2018-12-19T23:17:23Z" finished-at="2018-12-19T23:17:34Z">
          <reporter-output>
          </reporter-output>
        </test-method> <!-- afterSuite -->
      </class> <!-- com.qa.test.TC01_loginApp -->
    </test> <!-- Default test -->
  </suite> <!-- Default suite -->
</testng-results>
